Using pre-set license
Built from '2022.3/staging' branch; Version is '2022.3.21f1 (bf09ca542b87) revision 12519882'; Using compiler version '192829333'; Build Type 'Release'
OS: 'Windows 11  (10.0.22621) 64bit Core' Language: 'en' Physical Memory: 16002 MB
BatchMode: 1, IsHumanControllingUs: 0, StartBugReporterOnCrash: 0, Is64bit: 1, IsPro: 1

COMMAND LINE ARGUMENTS:
C:\Program Files\Unity\Hub\Editor\2022.3.21f1\Editor\Unity.exe
-adb2
-batchMode
-noUpm
-name
AssetImportWorker0
-projectPath
C:/Users/miche/Desktop/My project/effect
-logFile
Logs/AssetImportWorker0.log
-srvPort
52279
Successfully changed project path to: C:/Users/miche/Desktop/My project/effect
C:/Users/miche/Desktop/My project/effect
[UnityMemory] Configuration Parameters - Can be set up in boot.config
    "memorysetup-bucket-allocator-granularity=16"
    "memorysetup-bucket-allocator-bucket-count=8"
    "memorysetup-bucket-allocator-block-size=33554432"
    "memorysetup-bucket-allocator-block-count=8"
    "memorysetup-main-allocator-block-size=16777216"
    "memorysetup-thread-allocator-block-size=16777216"
    "memorysetup-gfx-main-allocator-block-size=16777216"
    "memorysetup-gfx-thread-allocator-block-size=16777216"
    "memorysetup-cache-allocator-block-size=4194304"
    "memorysetup-typetree-allocator-block-size=2097152"
    "memorysetup-profiler-bucket-allocator-granularity=16"
    "memorysetup-profiler-bucket-allocator-bucket-count=8"
    "memorysetup-profiler-bucket-allocator-block-size=33554432"
    "memorysetup-profiler-bucket-allocator-block-count=8"
    "memorysetup-profiler-allocator-block-size=16777216"
    "memorysetup-profiler-editor-allocator-block-size=1048576"
    "memorysetup-temp-allocator-size-main=16777216"
    "memorysetup-job-temp-allocator-block-size=2097152"
    "memorysetup-job-temp-allocator-block-size-background=1048576"
    "memorysetup-job-temp-allocator-reduction-small-platforms=262144"
    "memorysetup-allocator-temp-initial-block-size-main=262144"
    "memorysetup-allocator-temp-initial-block-size-worker=262144"
    "memorysetup-temp-allocator-size-background-worker=32768"
    "memorysetup-temp-allocator-size-job-worker=262144"
    "memorysetup-temp-allocator-size-preload-manager=33554432"
    "memorysetup-temp-allocator-size-nav-mesh-worker=65536"
    "memorysetup-temp-allocator-size-audio-worker=65536"
    "memorysetup-temp-allocator-size-cloud-worker=32768"
    "memorysetup-temp-allocator-size-gi-baking-worker=262144"
    "memorysetup-temp-allocator-size-gfx=262144"
Player connection [67652] Host "[IP] 192.168.1.73 [Port] 0 [Flags] 2 [Guid] 747871962 [EditorId] 747871962 [Version] 1048832 [Id] WindowsEditor(7,toaster) [Debug] 1 [PackageName] WindowsEditor [ProjectName] Editor" joined multi-casting on [225.0.0.222:54997]...

Player connection [67652] Host "[IP] 192.168.1.73 [Port] 0 [Flags] 2 [Guid] 747871962 [EditorId] 747871962 [Version] 1048832 [Id] WindowsEditor(7,toaster) [Debug] 1 [PackageName] WindowsEditor [ProjectName] Editor" joined alternative multi-casting on [225.0.0.222:34997]...

[Physics::Module] Initialized MultithreadedJobDispatcher with 31 workers.
Refreshing native plugins compatible for Editor in 30.96 ms, found 3 plugins.
Preloading 0 native plugins for Editor in 0.00 ms.
Initialize engine version: 2022.3.21f1 (bf09ca542b87)
[Subsystems] Discovering subsystems at path C:/Program Files/Unity/Hub/Editor/2022.3.21f1/Editor/Data/Resources/UnitySubsystems
[Subsystems] Discovering subsystems at path C:/Users/miche/Desktop/My project/effect/Assets
GfxDevice: creating device client; threaded=0; jobified=0
Direct3D:
    Version:  Direct3D 11.0 [level 11.1]
    Renderer: NVIDIA GeForce RTX 4060 Laptop GPU (ID=0x28e0)
    Vendor:   NVIDIA
    VRAM:     7957 MB
    Driver:   31.0.15.5222
Initialize mono
Mono path[0] = 'C:/Program Files/Unity/Hub/Editor/2022.3.21f1/Editor/Data/Managed'
Mono path[1] = 'C:/Program Files/Unity/Hub/Editor/2022.3.21f1/Editor/Data/MonoBleedingEdge/lib/mono/unityjit-win32'
Mono config path = 'C:/Program Files/Unity/Hub/Editor/2022.3.21f1/Editor/Data/MonoBleedingEdge/etc'
Using monoOptions --debugger-agent=transport=dt_socket,embedding=1,server=y,suspend=n,address=127.0.0.1:56776
Begin MonoManager ReloadAssembly
Registering precompiled unity dll's ...
Register platform support module: C:/Program Files/Unity/Hub/Editor/2022.3.21f1/Editor/Data/PlaybackEngines/WindowsStandaloneSupport/UnityEditor.WindowsStandalone.Extensions.dll
Registered in 0.008244 seconds.
- Loaded All Assemblies, in  0.377 seconds
Native extension for WindowsStandalone target not found
Mono: successfully reloaded assembly
- Finished resetting the current domain, in  0.232 seconds
Domain Reload Profiling: 605ms
	BeginReloadAssembly (147ms)
		ExecutionOrderSort (0ms)
		DisableScriptedObjects (0ms)
		BackupInstance (0ms)
		ReleaseScriptingObjects (0ms)
		CreateAndSetChildDomain (1ms)
	RebuildCommonClasses (35ms)
	RebuildNativeTypeToScriptingClass (8ms)
	initialDomainReloadingComplete (55ms)
	LoadAllAssembliesAndSetupDomain (128ms)
		LoadAssemblies (142ms)
		RebuildTransferFunctionScriptingTraits (0ms)
		AnalyzeDomain (127ms)
			TypeCache.Refresh (125ms)
				TypeCache.ScanAssembly (110ms)
			ScanForSourceGeneratedMonoScriptInfo (0ms)
			ResolveRequiredComponents (0ms)
	FinalizeReload (232ms)
		ReleaseScriptCaches (0ms)
		RebuildScriptCaches (0ms)
		SetupLoadedEditorAssemblies (182ms)
			LogAssemblyErrors (0ms)
			InitializePlatformSupportModulesInManaged (8ms)
			SetLoadedEditorAssemblies (7ms)
			RefreshPlugins (0ms)
			BeforeProcessingInitializeOnLoad (2ms)
			ProcessInitializeOnLoadAttributes (123ms)
			ProcessInitializeOnLoadMethodAttributes (42ms)
			AfterProcessingInitializeOnLoad (0ms)
			EditorAssembliesLoaded (0ms)
		ExecutionOrderSort2 (0ms)
		AwakeInstancesAfterBackupRestoration (0ms)
========================================================================
Worker process is ready to serve import requests
Begin MonoManager ReloadAssembly
- Loaded All Assemblies, in  0.740 seconds
Refreshing native plugins compatible for Editor in 5.67 ms, found 3 plugins.
Native extension for WindowsStandalone target not found
Package Manager log level set to [2]
[Package Manager] Server::EnsureServerProcessIsRunning -- launch failed, reason: Unity was launched with the -noUpm command-line argument
[Package Manager] UpmClient::Send -- Unable to send message (not connected to UPM process).
[Package Manager] Cannot connect to Unity Package Manager local server
Mono: successfully reloaded assembly
- Finished resetting the current domain, in  1.521 seconds
Domain Reload Profiling: 2259ms
	BeginReloadAssembly (173ms)
		ExecutionOrderSort (0ms)
		DisableScriptedObjects (4ms)
		BackupInstance (0ms)
		ReleaseScriptingObjects (0ms)
		CreateAndSetChildDomain (19ms)
	RebuildCommonClasses (22ms)
	RebuildNativeTypeToScriptingClass (6ms)
	initialDomainReloadingComplete (36ms)
	LoadAllAssembliesAndSetupDomain (499ms)
		LoadAssemblies (447ms)
		RebuildTransferFunctionScriptingTraits (0ms)
		AnalyzeDomain (172ms)
			TypeCache.Refresh (136ms)
				TypeCache.ScanAssembly (121ms)
			ScanForSourceGeneratedMonoScriptInfo (28ms)
			ResolveRequiredComponents (7ms)
	FinalizeReload (1523ms)
		ReleaseScriptCaches (0ms)
		RebuildScriptCaches (0ms)
		SetupLoadedEditorAssemblies (1225ms)
			LogAssemblyErrors (0ms)
			InitializePlatformSupportModulesInManaged (16ms)
			SetLoadedEditorAssemblies (6ms)
			RefreshPlugins (0ms)
			BeforeProcessingInitializeOnLoad (159ms)
			ProcessInitializeOnLoadAttributes (828ms)
			ProcessInitializeOnLoadMethodAttributes (177ms)
			AfterProcessingInitializeOnLoad (37ms)
			EditorAssembliesLoaded (0ms)
		ExecutionOrderSort2 (0ms)
		AwakeInstancesAfterBackupRestoration (26ms)
Launched and connected shader compiler UnityShaderCompiler.exe after 0.11 seconds
Refreshing native plugins compatible for Editor in 28.24 ms, found 3 plugins.
Preloading 0 native plugins for Editor in 0.00 ms.
Unloading 5522 Unused Serialized files (Serialized files now loaded: 0)
Unloading 66 unused Assets / (1.1 MB). Loaded Objects now: 5983.
Memory consumption went from 224.4 MB to 223.3 MB.
Total: 8.472200 ms (FindLiveObjects: 0.644800 ms CreateObjectMapping: 0.284200 ms MarkObjects: 7.017600 ms  DeleteObjects: 0.523500 ms)

AssetImportParameters requested are different than current active one (requested -> active):
  custom:container-demuxer-ogg: 62fdf1f143b41e24485cea50d1cbac27 -> 
  custom:video-codec-MediaFoundation-h265: 746d11721c4dcdbdad8f713fa42b33f4 -> 
  custom:video-decoder-ogg-theora: a1e56fd34408186e4bbccfd4996cb3dc -> 
  custom:framework-win-MediaFoundation: 216162199b28c13a410421893ffa2e32 -> 
  custom:CustomObjectIndexerAttribute: 72b91833f83ae208fae7752999fa3104 -> 
  custom:container-demuxer-webm: 4f35f7cbe854078d1ac9338744f61a02 -> 
  custom:container-muxer-webm: aa71ff27fc2769a1b78a27578f13a17b -> 
  custom:video-decoder-webm-vp8: 9c59270c3fd7afecdb556c50c9e8de78 -> 
  custom:SearchIndexIgnoredProperties: e643bd26f0fe6173181afceb89e7c659 -> 
  custom:AudioImporter_EditorPlatform: d09bf68614088b80899f8185d706f6e7 -> 
  custom:video-encoder-webm-vp8: eb34c28f22e8b96e1ab97ce403110664 -> 
  custom:audio-decoder-ogg-vorbis: bf7c407c2cedff20999df2af8eb42d56 -> 
  custom:audio-encoder-webm-vorbis: bf7c407c2cedff20999df2af8eb42d56 -> 
========================================================================
Received Import Request.
  Time since last request: 989723.330003 seconds.
  path: Assets/shader/Shader Graphs_slash.mat
  artifactKey: Guid(52d5ef262e5eb884d93711dbc634c6e3) Importer(815301076,1909f56bfc062723c751e8b465ee728b)
Start importing Assets/shader/Shader Graphs_slash.mat using Guid(52d5ef262e5eb884d93711dbc634c6e3) Importer(815301076,1909f56bfc062723c751e8b465ee728b)  -> (artifact id: 'e703c16f66691d40126146c5adc7d3c9') in 0.760977 seconds
Number of updated asset objects reloaded before import = 0
Number of asset objects unloaded after import = 4
========================================================================
Received Import Request.
  Time since last request: 1113.763932 seconds.
  path: Assets/texture/vegas project.png
  artifactKey: Guid(08c0ec32509460447a4c2d6e6a9a4e31) Importer(815301076,1909f56bfc062723c751e8b465ee728b)
Start importing Assets/texture/vegas project.png using Guid(08c0ec32509460447a4c2d6e6a9a4e31) Importer(815301076,1909f56bfc062723c751e8b465ee728b)  -> (artifact id: 'de2fb63df8c208b75a24560295025677') in 0.698005 seconds
Number of updated asset objects reloaded before import = 0
Number of asset objects unloaded after import = 3
========================================================================
Received Import Request.
  Time since last request: 22.334421 seconds.
  path: Assets/shader/slash.shadergraph
  artifactKey: Guid(3f4b9f2bd61256c409defa416e3e54eb) Importer(815301076,1909f56bfc062723c751e8b465ee728b)
Start importing Assets/shader/slash.shadergraph using Guid(3f4b9f2bd61256c409defa416e3e54eb) Importer(815301076,1909f56bfc062723c751e8b465ee728b)  -> (artifact id: '6562a5d8d34f66867f770d12a4b9654a') in 0.125526 seconds
Number of updated asset objects reloaded before import = 0
Number of asset objects unloaded after import = 3
========================================================================
Received Import Request.
  Time since last request: 25.678886 seconds.
  path: Assets/shader/Shader Graphs_slash.mat
  artifactKey: Guid(52d5ef262e5eb884d93711dbc634c6e3) Importer(815301076,1909f56bfc062723c751e8b465ee728b)
Start importing Assets/shader/Shader Graphs_slash.mat using Guid(52d5ef262e5eb884d93711dbc634c6e3) Importer(815301076,1909f56bfc062723c751e8b465ee728b)  -> (artifact id: '1b2d18653299e902861bdd4386e9e5c8') in 0.047531 seconds
Number of updated asset objects reloaded before import = 1
Number of asset objects unloaded after import = 3
========================================================================
Received Import Request.
  Time since last request: 5.071130 seconds.
  path: Assets/shader/Shader Graphs_slash.mat
  artifactKey: Guid(52d5ef262e5eb884d93711dbc634c6e3) Importer(815301076,1909f56bfc062723c751e8b465ee728b)
Start importing Assets/shader/Shader Graphs_slash.mat using Guid(52d5ef262e5eb884d93711dbc634c6e3) Importer(815301076,1909f56bfc062723c751e8b465ee728b)  -> (artifact id: '4ba00c6fef90e14a6f9a1300bc074914') in 0.271300 seconds
Number of updated asset objects reloaded before import = 1
Number of asset objects unloaded after import = 3
========================================================================
Received Import Request.
  Time since last request: 0.114254 seconds.
  path: Assets/shader/Shader Graphs_slash.mat
  artifactKey: Guid(52d5ef262e5eb884d93711dbc634c6e3) Importer(815301076,1909f56bfc062723c751e8b465ee728b)
Start importing Assets/shader/Shader Graphs_slash.mat using Guid(52d5ef262e5eb884d93711dbc634c6e3) Importer(815301076,1909f56bfc062723c751e8b465ee728b)  -> (artifact id: '4ba00c6fef90e14a6f9a1300bc074914') in 0.014396 seconds
Number of updated asset objects reloaded before import = 0
Number of asset objects unloaded after import = 3
========================================================================
Received Import Request.
  Time since last request: 76.974561 seconds.
  path: Assets/shader/slash.mat
  artifactKey: Guid(52d5ef262e5eb884d93711dbc634c6e3) Importer(815301076,1909f56bfc062723c751e8b465ee728b)
Start importing Assets/shader/slash.mat using Guid(52d5ef262e5eb884d93711dbc634c6e3) Importer(815301076,1909f56bfc062723c751e8b465ee728b)  -> (artifact id: 'b3521ca2e81ec3a2a057e14ae3c1257c') in 0.028710 seconds
Number of updated asset objects reloaded before import = 0
Number of asset objects unloaded after import = 3
========================================================================
Received Import Request.
  Time since last request: 3.010472 seconds.
  path: Assets/shader/slash 1.mat
  artifactKey: Guid(402510d99bb8edc418f4473d02638653) Importer(815301076,1909f56bfc062723c751e8b465ee728b)
Start importing Assets/shader/slash 1.mat using Guid(402510d99bb8edc418f4473d02638653) Importer(815301076,1909f56bfc062723c751e8b465ee728b)  -> (artifact id: '844b337181640b5fd4de59169b9ac840') in 0.010489 seconds
Number of updated asset objects reloaded before import = 0
Number of asset objects unloaded after import = 3
========================================================================
Received Import Request.
  Time since last request: 7.372723 seconds.
  path: Assets/shader/slash particle.mat
  artifactKey: Guid(402510d99bb8edc418f4473d02638653) Importer(815301076,1909f56bfc062723c751e8b465ee728b)
Start importing Assets/shader/slash particle.mat using Guid(402510d99bb8edc418f4473d02638653) Importer(815301076,1909f56bfc062723c751e8b465ee728b)  -> (artifact id: 'f2f95e8c46dcfce915767b64a5cfc7e1') in 0.010604 seconds
Number of updated asset objects reloaded before import = 0
Number of asset objects unloaded after import = 3
========================================================================
Received Import Request.
  Time since last request: 96.579498 seconds.
  path: Assets/shader/slash particle.mat
  artifactKey: Guid(402510d99bb8edc418f4473d02638653) Importer(815301076,1909f56bfc062723c751e8b465ee728b)
Start importing Assets/shader/slash particle.mat using Guid(402510d99bb8edc418f4473d02638653) Importer(815301076,1909f56bfc062723c751e8b465ee728b)  -> (artifact id: 'd727d1fd2503eb867096370c1c119dac') in 0.030435 seconds
Number of updated asset objects reloaded before import = 0
Number of asset objects unloaded after import = 2
========================================================================
Received Import Request.
  Time since last request: 140.828205 seconds.
  path: Assets/Prefabs/slash.prefab
  artifactKey: Guid(7b038a82d95b1064ba6a604e46334722) Importer(815301076,1909f56bfc062723c751e8b465ee728b)
Start importing Assets/Prefabs/slash.prefab using Guid(7b038a82d95b1064ba6a604e46334722) Importer(815301076,1909f56bfc062723c751e8b465ee728b)  -> (artifact id: '7be3c936f99576b8dac4f154182713d4') in 0.326844 seconds
Number of updated asset objects reloaded before import = 0
Number of asset objects unloaded after import = 19
========================================================================
Received Import Request.
  Time since last request: 2.293444 seconds.
  path: Assets/Prefabs/slash.prefab
  artifactKey: Guid(7b038a82d95b1064ba6a604e46334722) Importer(815301076,1909f56bfc062723c751e8b465ee728b)
Start importing Assets/Prefabs/slash.prefab using Guid(7b038a82d95b1064ba6a604e46334722) Importer(815301076,1909f56bfc062723c751e8b465ee728b)  -> (artifact id: '4592f8684e0398563b00f60a31e962c5') in 0.117709 seconds
Number of updated asset objects reloaded before import = 0
Number of asset objects unloaded after import = 27
